<?xml version="1.0" encoding="UTF-8"?>
<!-- Generated by org.testng.reporters.JUnitXMLReporter -->
<testsuite hostname="M4708787" ignored="6" name="Test" tests="10" failures="0" timestamp="28 Jul 2020 15:37:18 GMT" time="53.266" errors="0">
  <testcase name="loginAs" time="9.147" classname="com.quanInsti.tests.LoginPage"/>
  <testcase name="selectOptionFromMenu" time="24.013" classname="com.quanInsti.tests.LoginPage"/>
  <testcase name="getCourseDetails" time="0.233" classname="com.quanInsti.tests.CoursePage"/>
  <testcase name="clickOnEnrollNow" time="5.165" classname="com.quanInsti.tests.CoursePage"/>
  <testcase name="getCourseNamesAndCount" time="0.351" classname="com.quanInsti.tests.CartPage"/>
  <testcase name="getPriceDetails" time="0.105" classname="com.quanInsti.tests.CartPage"/>
  <testcase name="viewCourseDetails" time="7.484" classname="com.quanInsti.tests.CartPage"/>
  <testcase name="removeCourse" time="0.189" classname="com.quanInsti.tests.CartPage"/>
  <testcase name="applyCoupon" time="0.665" classname="com.quanInsti.tests.CartPage"/>
  <testcase name="signOut" time="5.834" classname="com.quanInsti.tests.CartPage"/>
  <testcase name="@AfterSuite tearDown" time="0.0" classname="com.quantInsti.base.TestBase">
    <ignored/>
  </testcase> <!-- @AfterSuite tearDown -->
  <testcase name="@AfterSuite tearDown" time="0.0" classname="com.quantInsti.base.TestBase">
    <ignored/>
  </testcase> <!-- @AfterSuite tearDown -->
  <testcase name="@AfterSuite tearDown" time="0.0" classname="com.quantInsti.base.TestBase">
    <ignored/>
  </testcase> <!-- @AfterSuite tearDown -->
  <testcase name="@BeforeSuite setUp" time="0.0" classname="com.quantInsti.base.TestBase">
    <ignored/>
  </testcase> <!-- @BeforeSuite setUp -->
  <testcase name="@BeforeSuite setUp" time="0.0" classname="com.quantInsti.base.TestBase">
    <ignored/>
  </testcase> <!-- @BeforeSuite setUp -->
  <testcase name="@BeforeSuite setUp" time="0.0" classname="com.quantInsti.base.TestBase">
    <ignored/>
  </testcase> <!-- @BeforeSuite setUp -->
</testsuite> <!-- Test -->
